<?xml version="1.0" encoding="UTF-8"?>
<!-- Generated by org.testng.reporters.JUnitXMLReporter -->
<testsuite hostname="hp" ignored="0" name="Test" tests="4" failures="0" timestamp="2022-10-22T17:55:20 IST" time="23.47" errors="0">
  <testcase name="runLogin" time="1.248" classname="com.testleaf.testcases.TC001_Login"/>
  <testcase name="runLogin" time="3.202" classname="com.testleaf.testcases.TC002_CreateLead"/>
  <testcase name="runLogin" time="1.15" classname="com.testleaf.testcases.TC001_Login"/>
  <testcase name="runLogin" time="3.071" classname="com.testleaf.testcases.TC002_CreateLead"/>
</testsuite> <!-- Test -->
