<?xml version="1.0" encoding="UTF-8"?>
<testng-results skipped="0" failed="0" ignored="0" total="2" passed="2">
  <reporter-output>
  </reporter-output>
  <suite name="Default suite" duration-ms="15252" started-at="2022-10-29T17:46:24 IST" finished-at="2022-10-29T17:46:40 IST">
    <groups>
    </groups>
    <test name="Default test" duration-ms="15252" started-at="2022-10-29T17:46:24 IST" finished-at="2022-10-29T17:46:40 IST">
      <class name="com.testleaf.testcases.TC001_Login">
        <test-method status="PASS" signature="startReport()[pri:0, instance:com.testleaf.testcases.TC001_Login@6fb0d3ed]" name="startReport" is-config="true" duration-ms="192" started-at="2022-10-29T17:46:24 IST" finished-at="2022-10-29T17:46:24 IST">
          <reporter-output>
          </reporter-output>
        </test-method> <!-- startReport -->
        <test-method status="PASS" signature="setData()[pri:0, instance:com.testleaf.testcases.TC001_Login@6fb0d3ed]" name="setData" is-config="true" duration-ms="1" started-at="2022-10-29T17:46:24 IST" finished-at="2022-10-29T17:46:24 IST">
          <reporter-output>
          </reporter-output>
        </test-method> <!-- setData -->
        <test-method status="PASS" signature="testDetails()[pri:0, instance:com.testleaf.testcases.TC001_Login@6fb0d3ed]" name="testDetails" is-config="true" duration-ms="20" started-at="2022-10-29T17:46:25 IST" finished-at="2022-10-29T17:46:25 IST">
          <reporter-output>
          </reporter-output>
        </test-method> <!-- testDetails -->
        <test-method status="PASS" signature="preCondition()[pri:0, instance:com.testleaf.testcases.TC001_Login@6fb0d3ed]" name="preCondition" is-config="true" duration-ms="6403" started-at="2022-10-29T17:46:25 IST" finished-at="2022-10-29T17:46:32 IST">
          <reporter-output>
          </reporter-output>
        </test-method> <!-- preCondition -->
        <test-method status="PASS" signature="runLogin(java.lang.String,java.lang.String)[pri:0, instance:com.testleaf.testcases.TC001_Login@6fb0d3ed]" name="runLogin" duration-ms="1791" started-at="2022-10-29T17:46:32 IST" data-provider="fetchData" finished-at="2022-10-29T17:46:34 IST">
          <params>
            <param index="0">
              <value>
                <![CDATA[DemoSalesManager]]>
              </value>
            </param>
            <param index="1">
              <value>
                <![CDATA[crmsfa]]>
              </value>
            </param>
          </params>
          <reporter-output>
          </reporter-output>
        </test-method> <!-- runLogin -->
        <test-method status="PASS" signature="postCondition()[pri:0, instance:com.testleaf.testcases.TC001_Login@6fb0d3ed]" name="postCondition" is-config="true" duration-ms="310" started-at="2022-10-29T17:46:34 IST" finished-at="2022-10-29T17:46:34 IST">
          <reporter-output>
          </reporter-output>
        </test-method> <!-- postCondition -->
        <test-method status="PASS" signature="preCondition()[pri:0, instance:com.testleaf.testcases.TC001_Login@6fb0d3ed]" name="preCondition" is-config="true" duration-ms="3869" started-at="2022-10-29T17:46:34 IST" finished-at="2022-10-29T17:46:38 IST">
          <reporter-output>
          </reporter-output>
        </test-method> <!-- preCondition -->
        <test-method status="PASS" signature="runLogin(java.lang.String,java.lang.String)[pri:0, instance:com.testleaf.testcases.TC001_Login@6fb0d3ed]" name="runLogin" duration-ms="1571" started-at="2022-10-29T17:46:38 IST" data-provider="fetchData" finished-at="2022-10-29T17:46:39 IST">
          <params>
            <param index="0">
              <value>
                <![CDATA[DemoCSR]]>
              </value>
            </param>
            <param index="1">
              <value>
                <![CDATA[crmsfa]]>
              </value>
            </param>
          </params>
          <reporter-output>
          </reporter-output>
        </test-method> <!-- runLogin -->
        <test-method status="PASS" signature="postCondition()[pri:0, instance:com.testleaf.testcases.TC001_Login@6fb0d3ed]" name="postCondition" is-config="true" duration-ms="298" started-at="2022-10-29T17:46:39 IST" finished-at="2022-10-29T17:46:40 IST">
          <reporter-output>
          </reporter-output>
        </test-method> <!-- postCondition -->
        <test-method status="PASS" signature="stopReport()[pri:0, instance:com.testleaf.testcases.TC001_Login@6fb0d3ed]" name="stopReport" is-config="true" duration-ms="522" started-at="2022-10-29T17:46:40 IST" finished-at="2022-10-29T17:46:40 IST">
          <reporter-output>
          </reporter-output>
        </test-method> <!-- stopReport -->
      </class> <!-- com.testleaf.testcases.TC001_Login -->
    </test> <!-- Default test -->
  </suite> <!-- Default suite -->
</testng-results>
